<?xml version="1.0" encoding="UTF-8"?>
<robot generator="Robot 7.0 (Python 3.12.0 on win32)" generated="2024-06-12T10:56:06.085941" rpa="false" schemaversion="5">
<suite id="s1" name="Usuario Senha" source="c:\Users\penie\OneDrive\Área de Trabalho\Desafios robot 2º semana\usuario_senha.robot">
<test id="s1-t1" name="Teste De Alteração De Senha" line="14">
<kw name="Alterar Senha" type="SETUP">
<kw name="Set To Dictionary" owner="Collections">
<arg>${CREDENCIAIS}</arg>
<arg>senha</arg>
<arg>${NOVA_SENHA}</arg>
<doc>Adds the given ``key_value_pairs`` and/or ``items`` to the ``dictionary``.</doc>
<status status="PASS" start="2024-06-12T10:56:06.166949" elapsed="0.000998"/>
</kw>
<kw name="Log" owner="BuiltIn">
<msg time="2024-06-12T10:56:06.167947" level="INFO">Dicionário no Setup com senha alterada: {'usuario': 'admin,', 'senha': {'nova_senha': 'prime258'}}</msg>
<arg>Dicionário no Setup com senha alterada: ${CREDENCIAIS}</arg>
<doc>Logs the given message with the given level.</doc>
<status status="PASS" start="2024-06-12T10:56:06.167947" elapsed="0.006000"/>
</kw>
<status status="PASS" start="2024-06-12T10:56:06.165951" elapsed="0.008997"/>
</kw>
<kw name="Log" owner="BuiltIn">
<msg time="2024-06-12T10:56:06.175955" level="INFO">Dicionário durante o teste: {'usuario': 'admin,', 'senha': {'nova_senha': 'prime258'}}</msg>
<arg>Dicionário durante o teste: ${CREDENCIAIS}</arg>
<doc>Logs the given message with the given level.</doc>
<status status="PASS" start="2024-06-12T10:56:06.175955" elapsed="0.000000"/>
</kw>
<kw name="Restaurar Senha Inicial" type="TEARDOWN">
<kw name="Set To Dictionary" owner="Collections">
<arg>${CREDENCIAIS}</arg>
<arg>senha</arg>
<arg>${SENHA_INICIAL}</arg>
<doc>Adds the given ``key_value_pairs`` and/or ``items`` to the ``dictionary``.</doc>
<status status="PASS" start="2024-06-12T10:56:06.177949" elapsed="0.000999"/>
</kw>
<kw name="Log" owner="BuiltIn">
<msg time="2024-06-12T10:56:06.179947" level="INFO">Dicionário no Teardown com senha restaurada: {'usuario': 'admin,', 'senha': {'senha': 'password123'}}</msg>
<arg>Dicionário no Teardown com senha restaurada: ${CREDENCIAIS}</arg>
<doc>Logs the given message with the given level.</doc>
<status status="PASS" start="2024-06-12T10:56:06.179947" elapsed="0.000000"/>
</kw>
<status status="PASS" start="2024-06-12T10:56:06.176950" elapsed="0.004000"/>
</kw>
<status status="PASS" start="2024-06-12T10:56:06.163949" elapsed="0.018000"/>
</test>
<doc>Teste de um dicionario contendo as credenciais de acesso
usuario e senha, teste que altere o valor da senha e exiba
o dicionario criado no setup com a senha alterada e na finalização
do caso de teste Teardown retorne o campo senha para o valor inicial.</doc>
<status status="PASS" start="2024-06-12T10:56:06.098954" elapsed="0.084994"/>
</suite>
<statistics>
<total>
<stat pass="1" fail="0" skip="0">All Tests</stat>
</total>
<tag>
</tag>
<suite>
<stat pass="1" fail="0" skip="0" id="s1" name="Usuario Senha">Usuario Senha</stat>
</suite>
</statistics>
<errors>
</errors>
</robot>
