<?xml version="1.0" encoding="UTF-8"?>
<robot generator="Robot 6.1.1 (Python 3.11.4 on win32)" generated="20240613 10:02:00.746" rpa="false" schemaversion="4">
<suite id="s1" name="Features" source="C:\Users\penie\OneDrive\Área de Trabalho\Desafios robot 2º semana\test\features">
<suite id="s1-s1" name="Exercicio Argumentos E Retornos If" source="C:\Users\penie\OneDrive\Área de Trabalho\Desafios robot 2º semana\test\features\exercicio_argumentos_e_retornos_if.robot">
<test id="s1-s1-t1" name="Cenario 01: Calculo de Ano De nascimento" line="10">
<kw name="Calcular Ano De Nascimento">
<arg>30</arg>
<kw name="Evaluate" library="BuiltIn">
<var>${ano_nascimento}</var>
<arg>${CURRENT_YEAR} - ${idade}</arg>
<doc>Evaluates the given expression in Python and returns the result.</doc>
<msg timestamp="20240613 10:02:00.792" level="INFO">${ano_nascimento} = -30</msg>
<status status="PASS" starttime="20240613 10:02:00.792" endtime="20240613 10:02:00.792"/>
</kw>
<kw name="Run Keyword If" library="BuiltIn">
<arg>${ano_nascimento} &lt; 2000</arg>
<arg>Log To Console</arg>
<arg>Você nasceu no século passado.</arg>
<doc>Runs the given keyword with the given arguments, if ``condition`` is true.</doc>
<kw name="Log To Console" library="BuiltIn">
<arg>Você nasceu no século passado.</arg>
<doc>Logs the given message to the console.</doc>
<status status="PASS" starttime="20240613 10:02:00.793" endtime="20240613 10:02:00.793"/>
</kw>
<status status="PASS" starttime="20240613 10:02:00.792" endtime="20240613 10:02:00.793"/>
</kw>
<kw name="Log To Console" library="BuiltIn">
<arg>Seu ano de nascimento é:${ano_nascimento}</arg>
<doc>Logs the given message to the console.</doc>
<status status="PASS" starttime="20240613 10:02:00.793" endtime="20240613 10:02:00.794"/>
</kw>
<status status="PASS" starttime="20240613 10:02:00.792" endtime="20240613 10:02:00.794"/>
</kw>
<kw name="Calcular Ano De Nascimento">
<arg>25</arg>
<kw name="Evaluate" library="BuiltIn">
<var>${ano_nascimento}</var>
<arg>${CURRENT_YEAR} - ${idade}</arg>
<doc>Evaluates the given expression in Python and returns the result.</doc>
<msg timestamp="20240613 10:02:00.795" level="INFO">${ano_nascimento} = -25</msg>
<status status="PASS" starttime="20240613 10:02:00.794" endtime="20240613 10:02:00.795"/>
</kw>
<kw name="Run Keyword If" library="BuiltIn">
<arg>${ano_nascimento} &lt; 2000</arg>
<arg>Log To Console</arg>
<arg>Você nasceu no século passado.</arg>
<doc>Runs the given keyword with the given arguments, if ``condition`` is true.</doc>
<kw name="Log To Console" library="BuiltIn">
<arg>Você nasceu no século passado.</arg>
<doc>Logs the given message to the console.</doc>
<status status="PASS" starttime="20240613 10:02:00.795" endtime="20240613 10:02:00.795"/>
</kw>
<status status="PASS" starttime="20240613 10:02:00.795" endtime="20240613 10:02:00.795"/>
</kw>
<kw name="Log To Console" library="BuiltIn">
<arg>Seu ano de nascimento é:${ano_nascimento}</arg>
<doc>Logs the given message to the console.</doc>
<status status="PASS" starttime="20240613 10:02:00.796" endtime="20240613 10:02:00.796"/>
</kw>
<status status="PASS" starttime="20240613 10:02:00.794" endtime="20240613 10:02:00.796"/>
</kw>
<status status="PASS" starttime="20240613 10:02:00.791" endtime="20240613 10:02:00.796"/>
</test>
<doc>Teste para calcular o ano de nascimento e verificar a mensagem</doc>
<status status="PASS" starttime="20240613 10:02:00.785" endtime="20240613 10:02:00.798"/>
</suite>
<suite id="s1-s2" name="Exercicio Dicionario" source="C:\Users\penie\OneDrive\Área de Trabalho\Desafios robot 2º semana\test\features\exercicio_dicionario.robot">
<test id="s1-s2-t1" name="Cenario 01: variavel DICIONARIO" line="10">
<kw name="Logar variavel Dicionario No Console">
<kw name="Log To Console" library="BuiltIn">
<arg>.</arg>
<doc>Logs the given message to the console.</doc>
<status status="PASS" starttime="20240613 10:02:00.807" endtime="20240613 10:02:00.807"/>
</kw>
<kw name="Log To Console" library="BuiltIn">
<arg>-----------------------</arg>
<doc>Logs the given message to the console.</doc>
<status status="PASS" starttime="20240613 10:02:00.807" endtime="20240613 10:02:00.807"/>
</kw>
<kw name="Log To Console" library="BuiltIn">
<arg>Nome:${DICIONARIO.nome}</arg>
<doc>Logs the given message to the console.</doc>
<status status="PASS" starttime="20240613 10:02:00.807" endtime="20240613 10:02:00.808"/>
</kw>
<kw name="Log To Console" library="BuiltIn">
<arg>Idade:${DICIONARIO.idade}</arg>
<doc>Logs the given message to the console.</doc>
<status status="PASS" starttime="20240613 10:02:00.808" endtime="20240613 10:02:00.809"/>
</kw>
<kw name="Log To Console" library="BuiltIn">
<arg>Rua:${DICIONARIO.rua}</arg>
<doc>Logs the given message to the console.</doc>
<status status="PASS" starttime="20240613 10:02:00.809" endtime="20240613 10:02:00.810"/>
</kw>
<kw name="Log To Console" library="BuiltIn">
<arg>Numero:${DICIONARIO.numero}</arg>
<doc>Logs the given message to the console.</doc>
<status status="PASS" starttime="20240613 10:02:00.811" endtime="20240613 10:02:00.812"/>
</kw>
<kw name="Log To Console" library="BuiltIn">
<arg>Cep:${DICIONARIO.cep}</arg>
<doc>Logs the given message to the console.</doc>
<status status="PASS" starttime="20240613 10:02:00.812" endtime="20240613 10:02:00.813"/>
</kw>
<kw name="Log To Console" library="BuiltIn">
<arg>Bairro:${DICIONARIO.bairro}</arg>
<doc>Logs the given message to the console.</doc>
<status status="PASS" starttime="20240613 10:02:00.813" endtime="20240613 10:02:00.814"/>
</kw>
<kw name="Log To Console" library="BuiltIn">
<arg>Cidade:${DICIONARIO.cidade}</arg>
<doc>Logs the given message to the console.</doc>
<status status="PASS" starttime="20240613 10:02:00.814" endtime="20240613 10:02:00.815"/>
</kw>
<kw name="Log To Console" library="BuiltIn">
<arg>Estado:${DICIONARIO.estado}</arg>
<doc>Logs the given message to the console.</doc>
<status status="PASS" starttime="20240613 10:02:00.815" endtime="20240613 10:02:00.817"/>
</kw>
<kw name="Log To Console" library="BuiltIn">
<arg>-----------------------</arg>
<doc>Logs the given message to the console.</doc>
<status status="PASS" starttime="20240613 10:02:00.817" endtime="20240613 10:02:00.817"/>
</kw>
<status status="PASS" starttime="20240613 10:02:00.806" endtime="20240613 10:02:00.817"/>
</kw>
<status status="PASS" starttime="20240613 10:02:00.806" endtime="20240613 10:02:00.818"/>
</test>
<doc>Demonstração de tipos de variaveis usando Dicionario</doc>
<status status="PASS" starttime="20240613 10:02:00.800" endtime="20240613 10:02:00.819"/>
</suite>
<suite id="s1-s3" name="Exercicio For In Range" source="C:\Users\penie\OneDrive\Área de Trabalho\Desafios robot 2º semana\test\features\exercicio_for_in_range.robot">
<test id="s1-s3-t1" name="Cenario 01: For in range" line="13">
<kw name="Contar Numeros PARES">
<for flavor="IN RANGE">
<var>${i}</var>
<value>${START}</value>
<value>${Numeros}+1</value>
<value>${STEP}</value>
<iter>
<var name="${i}">1</var>
<if>
<branch type="IF" condition="${i} % 2 == 0">
<kw name="Set Variable" library="BuiltIn">
<var>${PARES}</var>
<arg>${PARES} ${i}</arg>
<doc>Returns the given values which can then be assigned to a variables.</doc>
<status status="NOT RUN" starttime="20240613 10:02:00.838" endtime="20240613 10:02:00.838"/>
</kw>
<status status="NOT RUN" starttime="20240613 10:02:00.838" endtime="20240613 10:02:00.838"/>
</branch>
<status status="PASS" starttime="20240613 10:02:00.838" endtime="20240613 10:02:00.839"/>
</if>
<status status="PASS" starttime="20240613 10:02:00.838" endtime="20240613 10:02:00.839"/>
</iter>
<iter>
<var name="${i}">2</var>
<if>
<branch type="IF" condition="${i} % 2 == 0">
<kw name="Set Variable" library="BuiltIn">
<var>${PARES}</var>
<arg>${PARES} ${i}</arg>
<doc>Returns the given values which can then be assigned to a variables.</doc>
<msg timestamp="20240613 10:02:00.841" level="INFO">${PARES} = 0 2</msg>
<status status="PASS" starttime="20240613 10:02:00.840" endtime="20240613 10:02:00.841"/>
</kw>
<status status="PASS" starttime="20240613 10:02:00.839" endtime="20240613 10:02:00.841"/>
</branch>
<status status="PASS" starttime="20240613 10:02:00.839" endtime="20240613 10:02:00.841"/>
</if>
<status status="PASS" starttime="20240613 10:02:00.839" endtime="20240613 10:02:00.841"/>
</iter>
<iter>
<var name="${i}">3</var>
<if>
<branch type="IF" condition="${i} % 2 == 0">
<kw name="Set Variable" library="BuiltIn">
<var>${PARES}</var>
<arg>${PARES} ${i}</arg>
<doc>Returns the given values which can then be assigned to a variables.</doc>
<status status="NOT RUN" starttime="20240613 10:02:00.844" endtime="20240613 10:02:00.844"/>
</kw>
<status status="NOT RUN" starttime="20240613 10:02:00.842" endtime="20240613 10:02:00.844"/>
</branch>
<status status="PASS" starttime="20240613 10:02:00.842" endtime="20240613 10:02:00.844"/>
</if>
<status status="PASS" starttime="20240613 10:02:00.842" endtime="20240613 10:02:00.844"/>
</iter>
<iter>
<var name="${i}">4</var>
<if>
<branch type="IF" condition="${i} % 2 == 0">
<kw name="Set Variable" library="BuiltIn">
<var>${PARES}</var>
<arg>${PARES} ${i}</arg>
<doc>Returns the given values which can then be assigned to a variables.</doc>
<msg timestamp="20240613 10:02:00.845" level="INFO">${PARES} = 0 2 4</msg>
<status status="PASS" starttime="20240613 10:02:00.845" endtime="20240613 10:02:00.846"/>
</kw>
<status status="PASS" starttime="20240613 10:02:00.845" endtime="20240613 10:02:00.846"/>
</branch>
<status status="PASS" starttime="20240613 10:02:00.845" endtime="20240613 10:02:00.846"/>
</if>
<status status="PASS" starttime="20240613 10:02:00.845" endtime="20240613 10:02:00.846"/>
</iter>
<iter>
<var name="${i}">5</var>
<if>
<branch type="IF" condition="${i} % 2 == 0">
<kw name="Set Variable" library="BuiltIn">
<var>${PARES}</var>
<arg>${PARES} ${i}</arg>
<doc>Returns the given values which can then be assigned to a variables.</doc>
<status status="NOT RUN" starttime="20240613 10:02:00.847" endtime="20240613 10:02:00.847"/>
</kw>
<status status="NOT RUN" starttime="20240613 10:02:00.846" endtime="20240613 10:02:00.847"/>
</branch>
<status status="PASS" starttime="20240613 10:02:00.846" endtime="20240613 10:02:00.847"/>
</if>
<status status="PASS" starttime="20240613 10:02:00.846" endtime="20240613 10:02:00.847"/>
</iter>
<iter>
<var name="${i}">6</var>
<if>
<branch type="IF" condition="${i} % 2 == 0">
<kw name="Set Variable" library="BuiltIn">
<var>${PARES}</var>
<arg>${PARES} ${i}</arg>
<doc>Returns the given values which can then be assigned to a variables.</doc>
<msg timestamp="20240613 10:02:00.848" level="INFO">${PARES} = 0 2 4 6</msg>
<status status="PASS" starttime="20240613 10:02:00.848" endtime="20240613 10:02:00.848"/>
</kw>
<status status="PASS" starttime="20240613 10:02:00.847" endtime="20240613 10:02:00.848"/>
</branch>
<status status="PASS" starttime="20240613 10:02:00.847" endtime="20240613 10:02:00.848"/>
</if>
<status status="PASS" starttime="20240613 10:02:00.847" endtime="20240613 10:02:00.849"/>
</iter>
<iter>
<var name="${i}">7</var>
<if>
<branch type="IF" condition="${i} % 2 == 0">
<kw name="Set Variable" library="BuiltIn">
<var>${PARES}</var>
<arg>${PARES} ${i}</arg>
<doc>Returns the given values which can then be assigned to a variables.</doc>
<status status="NOT RUN" starttime="20240613 10:02:00.849" endtime="20240613 10:02:00.849"/>
</kw>
<status status="NOT RUN" starttime="20240613 10:02:00.849" endtime="20240613 10:02:00.849"/>
</branch>
<status status="PASS" starttime="20240613 10:02:00.849" endtime="20240613 10:02:00.849"/>
</if>
<status status="PASS" starttime="20240613 10:02:00.849" endtime="20240613 10:02:00.849"/>
</iter>
<iter>
<var name="${i}">8</var>
<if>
<branch type="IF" condition="${i} % 2 == 0">
<kw name="Set Variable" library="BuiltIn">
<var>${PARES}</var>
<arg>${PARES} ${i}</arg>
<doc>Returns the given values which can then be assigned to a variables.</doc>
<msg timestamp="20240613 10:02:00.850" level="INFO">${PARES} = 0 2 4 6 8</msg>
<status status="PASS" starttime="20240613 10:02:00.849" endtime="20240613 10:02:00.850"/>
</kw>
<status status="PASS" starttime="20240613 10:02:00.849" endtime="20240613 10:02:00.850"/>
</branch>
<status status="PASS" starttime="20240613 10:02:00.849" endtime="20240613 10:02:00.850"/>
</if>
<status status="PASS" starttime="20240613 10:02:00.849" endtime="20240613 10:02:00.850"/>
</iter>
<iter>
<var name="${i}">9</var>
<if>
<branch type="IF" condition="${i} % 2 == 0">
<kw name="Set Variable" library="BuiltIn">
<var>${PARES}</var>
<arg>${PARES} ${i}</arg>
<doc>Returns the given values which can then be assigned to a variables.</doc>
<status status="NOT RUN" starttime="20240613 10:02:00.850" endtime="20240613 10:02:00.850"/>
</kw>
<status status="NOT RUN" starttime="20240613 10:02:00.850" endtime="20240613 10:02:00.850"/>
</branch>
<status status="PASS" starttime="20240613 10:02:00.850" endtime="20240613 10:02:00.850"/>
</if>
<status status="PASS" starttime="20240613 10:02:00.850" endtime="20240613 10:02:00.851"/>
</iter>
<iter>
<var name="${i}">10</var>
<if>
<branch type="IF" condition="${i} % 2 == 0">
<kw name="Set Variable" library="BuiltIn">
<var>${PARES}</var>
<arg>${PARES} ${i}</arg>
<doc>Returns the given values which can then be assigned to a variables.</doc>
<msg timestamp="20240613 10:02:00.852" level="INFO">${PARES} = 0 2 4 6 8 10</msg>
<status status="PASS" starttime="20240613 10:02:00.851" endtime="20240613 10:02:00.852"/>
</kw>
<status status="PASS" starttime="20240613 10:02:00.851" endtime="20240613 10:02:00.852"/>
</branch>
<status status="PASS" starttime="20240613 10:02:00.851" endtime="20240613 10:02:00.852"/>
</if>
<status status="PASS" starttime="20240613 10:02:00.851" endtime="20240613 10:02:00.852"/>
</iter>
<status status="PASS" starttime="20240613 10:02:00.837" endtime="20240613 10:02:00.852"/>
</for>
<kw name="Log To Console" library="BuiltIn">
<arg>Quantidade de números pares: ${PARES}</arg>
<doc>Logs the given message to the console.</doc>
<status status="PASS" starttime="20240613 10:02:00.852" endtime="20240613 10:02:00.853"/>
</kw>
<status status="PASS" starttime="20240613 10:02:00.837" endtime="20240613 10:02:00.853"/>
</kw>
<status status="PASS" starttime="20240613 10:02:00.836" endtime="20240613 10:02:00.854"/>
</test>
<status status="PASS" starttime="20240613 10:02:00.820" endtime="20240613 10:02:00.855"/>
</suite>
<suite id="s1-s4" name="Exercicio For Simples Lista" source="C:\Users\penie\OneDrive\Área de Trabalho\Desafios robot 2º semana\test\features\exercicio_for_simples_lista.robot">
<test id="s1-s4-t1" name="Cenario 01: For Simples Em Lista" line="8">
<kw name="Exemplo de FOR Simples em Lista">
<for flavor="IN">
<var>${fruta}</var>
<value>@{FRUTAS}</value>
<iter>
<var name="${fruta}">morango</var>
<kw name="Log To Console" library="BuiltIn">
<arg>A fruta é: ${fruta}</arg>
<doc>Logs the given message to the console.</doc>
<status status="PASS" starttime="20240613 10:02:00.865" endtime="20240613 10:02:00.867"/>
</kw>
<status status="PASS" starttime="20240613 10:02:00.865" endtime="20240613 10:02:00.867"/>
</iter>
<iter>
<var name="${fruta}">banana</var>
<kw name="Log To Console" library="BuiltIn">
<arg>A fruta é: ${fruta}</arg>
<doc>Logs the given message to the console.</doc>
<status status="PASS" starttime="20240613 10:02:00.868" endtime="20240613 10:02:00.868"/>
</kw>
<status status="PASS" starttime="20240613 10:02:00.867" endtime="20240613 10:02:00.868"/>
</iter>
<iter>
<var name="${fruta}">maçã</var>
<kw name="Log To Console" library="BuiltIn">
<arg>A fruta é: ${fruta}</arg>
<doc>Logs the given message to the console.</doc>
<status status="PASS" starttime="20240613 10:02:00.869" endtime="20240613 10:02:00.869"/>
</kw>
<status status="PASS" starttime="20240613 10:02:00.869" endtime="20240613 10:02:00.870"/>
</iter>
<iter>
<var name="${fruta}">uva</var>
<kw name="Log To Console" library="BuiltIn">
<arg>A fruta é: ${fruta}</arg>
<doc>Logs the given message to the console.</doc>
<status status="PASS" starttime="20240613 10:02:00.870" endtime="20240613 10:02:00.871"/>
</kw>
<status status="PASS" starttime="20240613 10:02:00.870" endtime="20240613 10:02:00.871"/>
</iter>
<iter>
<var name="${fruta}">abacaxi</var>
<kw name="Log To Console" library="BuiltIn">
<arg>A fruta é: ${fruta}</arg>
<doc>Logs the given message to the console.</doc>
<status status="PASS" starttime="20240613 10:02:00.871" endtime="20240613 10:02:00.872"/>
</kw>
<status status="PASS" starttime="20240613 10:02:00.871" endtime="20240613 10:02:00.872"/>
</iter>
<status status="PASS" starttime="20240613 10:02:00.865" endtime="20240613 10:02:00.872"/>
</for>
<status status="PASS" starttime="20240613 10:02:00.864" endtime="20240613 10:02:00.872"/>
</kw>
<status status="PASS" starttime="20240613 10:02:00.864" endtime="20240613 10:02:00.872"/>
</test>
<status status="PASS" starttime="20240613 10:02:00.857" endtime="20240613 10:02:00.873"/>
</suite>
<status status="PASS" starttime="20240613 10:02:00.748" endtime="20240613 10:02:00.876"/>
</suite>
<statistics>
<total>
<stat pass="4" fail="0" skip="0">All Tests</stat>
</total>
<tag>
</tag>
<suite>
<stat pass="4" fail="0" skip="0" id="s1" name="Features">Features</stat>
<stat pass="1" fail="0" skip="0" id="s1-s1" name="Exercicio Argumentos E Retornos If">Features.Exercicio Argumentos E Retornos If</stat>
<stat pass="1" fail="0" skip="0" id="s1-s2" name="Exercicio Dicionario">Features.Exercicio Dicionario</stat>
<stat pass="1" fail="0" skip="0" id="s1-s3" name="Exercicio For In Range">Features.Exercicio For In Range</stat>
<stat pass="1" fail="0" skip="0" id="s1-s4" name="Exercicio For Simples Lista">Features.Exercicio For Simples Lista</stat>
</suite>
</statistics>
<errors>
</errors>
</robot>
